<?xml version="1.0" encoding="UTF-8"?>
<!-- Generated by org.testng.reporters.JUnitXMLReporter -->
<testsuite hostname="DESKTOP-VJ35TJ3" failures="0" tests="4" name="Surefire test" time="0.298" errors="0" timestamp="12 Nov 2020 13:18:19 GMT">
  <testcase classname="MavenProject.MavenJava.Selenium2Test" name="prgrm3 on prgrm3(MavenProject.MavenJava.Selenium2Test)" time="0.008"/>
  <testcase classname="MavenProject.MavenJava.Selenium2Test" name="prgrm4 on prgrm4(MavenProject.MavenJava.Selenium2Test)" time="0.001"/>
  <testcase classname="MavenProject.MavenJava.SeleniumTest" name="prgrm1 on prgrm1(MavenProject.MavenJava.SeleniumTest)" time="0.001"/>
  <testcase classname="MavenProject.MavenJava.SeleniumTest" name="prgrm2 on prgrm2(MavenProject.MavenJava.SeleniumTest)" time="0.008"/>
</testsuite> <!-- Surefire test -->
