<?xml version="1.0" encoding="UTF-8"?>
<testng-results ignored="0" total="1" passed="1" failed="0" skipped="0">
  <reporter-output>
  </reporter-output>
  <suite started-at="2020-11-17T08:10:58Z" name="Suite" finished-at="2020-11-17T08:10:58Z" duration-ms="110">
    <groups>
    </groups>
    <test started-at="2020-11-17T08:10:58Z" name="Test" finished-at="2020-11-17T08:10:58Z" duration-ms="110">
      <class name="MavenProject.MavenJava.Selenium2Test">
        <test-method signature="prgrm3()[pri:0, instance:MavenProject.MavenJava.Selenium2Test@1df8b5b8]" started-at="2020-11-17T08:10:58Z" name="prgrm3" finished-at="2020-11-17T08:10:58Z" duration-ms="21" status="PASS">
          <reporter-output>
          </reporter-output>
        </test-method> <!-- prgrm3 -->
      </class> <!-- MavenProject.MavenJava.Selenium2Test -->
    </test> <!-- Test -->
  </suite> <!-- Suite -->
</testng-results>
